<?xml version="1.0" encoding="UTF-8"?>
<!-- Generated by org.testng.reporters.JUnitXMLReporter -->
<testsuite hostname="si-chirag" ignored="0" name="Test" tests="3" failures="0" timestamp="15 Apr 2019 06:26:49 GMT" time="7.193" errors="0">
  <testcase name="login" time="0.435" classname="frameworklearning.SignInTest"/>
  <testcase name="login" time="0.289" classname="frameworklearning.SignInTest"/>
  <testcase name="shouldAnswerWithTrue" time="0.0" classname="frameworklearning.AppTest"/>
</testsuite> <!-- Test -->
