<?xml version="1.0" encoding="UTF-8"?>
<!-- Generated by org.testng.reporters.JUnitXMLReporter -->
<testsuite hostname="si-chirag" ignored="0" name="Test" tests="3" failures="0" timestamp="17 Apr 2019 02:36:44 GMT" time="5.428" errors="0">
  <testcase name="login" time="0.47" classname="frameworklearning.SignInTest"/>
  <testcase name="login" time="0.263" classname="frameworklearning.SignInTest"/>
  <testcase name="shouldAnswerWithTrue" time="0.002" classname="frameworklearning.AppTest"/>
</testsuite> <!-- Test -->
