<?xml version="1.0" encoding="UTF-8"?>
<testng-results skipped="0" failed="0" ignored="0" total="3" passed="3">
  <reporter-output>
  </reporter-output>
  <suite name="Suite" duration-ms="7193" started-at="2019-04-15T06:26:42Z" finished-at="2019-04-15T06:26:49Z">
    <groups>
    </groups>
    <test name="Test" duration-ms="7193" started-at="2019-04-15T06:26:42Z" finished-at="2019-04-15T06:26:49Z">
      <class name="frameworklearning.SignInTest">
        <test-method status="PASS" signature="initialize()[pri:0, instance:frameworklearning.SignInTest@2c767a52]" name="initialize" is-config="true" duration-ms="6261" started-at="2019-04-15T06:26:42Z" finished-at="2019-04-15T06:26:48Z">
          <reporter-output>
          </reporter-output>
        </test-method> <!-- initialize -->
        <test-method status="PASS" signature="login(java.lang.String, java.lang.String)[pri:0, instance:frameworklearning.SignInTest@2c767a52]" name="login" duration-ms="435" started-at="2019-04-15T06:26:48Z" data-provider="getData" finished-at="2019-04-15T06:26:48Z">
          <params>
            <param index="0">
              <value>
                <![CDATA[SI004841]]>
              </value>
            </param>
            <param index="1">
              <value>
                <![CDATA[cbm123]]>
              </value>
            </param>
          </params>
          <reporter-output>
          </reporter-output>
        </test-method> <!-- login -->
        <test-method status="PASS" signature="login(java.lang.String, java.lang.String)[pri:0, instance:frameworklearning.SignInTest@2c767a52]" name="login" duration-ms="289" started-at="2019-04-15T06:26:48Z" data-provider="getData" finished-at="2019-04-15T06:26:49Z">
          <params>
            <param index="0">
              <value>
                <![CDATA[SI004842]]>
              </value>
            </param>
            <param index="1">
              <value>
                <![CDATA[cbm123]]>
              </value>
            </param>
          </params>
          <reporter-output>
          </reporter-output>
        </test-method> <!-- login -->
        <test-method status="PASS" signature="closeDriver()[pri:0, instance:frameworklearning.SignInTest@2c767a52]" name="closeDriver" is-config="true" duration-ms="197" started-at="2019-04-15T06:26:49Z" finished-at="2019-04-15T06:26:49Z">
          <reporter-output>
          </reporter-output>
        </test-method> <!-- closeDriver -->
      </class> <!-- frameworklearning.SignInTest -->
      <class name="frameworklearning.AppTest">
        <test-method status="PASS" signature="shouldAnswerWithTrue()[pri:0, instance:frameworklearning.AppTest@619713e5]" name="shouldAnswerWithTrue" duration-ms="0" started-at="2019-04-15T06:26:49Z" finished-at="2019-04-15T06:26:49Z">
          <reporter-output>
          </reporter-output>
        </test-method> <!-- shouldAnswerWithTrue -->
      </class> <!-- frameworklearning.AppTest -->
    </test> <!-- Test -->
  </suite> <!-- Suite -->
</testng-results>
