<?xml version="1.0" encoding="UTF-8"?>
<testng-results skipped="0" failed="0" ignored="0" total="3" passed="3">
  <reporter-output>
  </reporter-output>
  <suite name="Suite" duration-ms="7015" started-at="2019-04-17T03:19:55Z" finished-at="2019-04-17T03:20:02Z">
    <groups>
    </groups>
    <test name="Test" duration-ms="7015" started-at="2019-04-17T03:19:55Z" finished-at="2019-04-17T03:20:02Z">
      <class name="frameworklearning.SignInTest">
        <test-method status="PASS" signature="initialize()[pri:0, instance:frameworklearning.SignInTest@708f5957]" name="initialize" is-config="true" duration-ms="6189" started-at="2019-04-17T03:19:55Z" finished-at="2019-04-17T03:20:01Z">
          <reporter-output>
          </reporter-output>
        </test-method> <!-- initialize -->
        <test-method status="PASS" signature="login(java.lang.String, java.lang.String)[pri:0, instance:frameworklearning.SignInTest@708f5957]" name="login" duration-ms="411" started-at="2019-04-17T03:20:01Z" data-provider="getData" finished-at="2019-04-17T03:20:02Z">
          <params>
            <param index="0">
              <value>
                <![CDATA[SI004841]]>
              </value>
            </param>
            <param index="1">
              <value>
                <![CDATA[cbm123]]>
              </value>
            </param>
          </params>
          <reporter-output>
          </reporter-output>
        </test-method> <!-- login -->
        <test-method status="PASS" signature="login(java.lang.String, java.lang.String)[pri:0, instance:frameworklearning.SignInTest@708f5957]" name="login" duration-ms="271" started-at="2019-04-17T03:20:02Z" data-provider="getData" finished-at="2019-04-17T03:20:02Z">
          <params>
            <param index="0">
              <value>
                <![CDATA[SI004842]]>
              </value>
            </param>
            <param index="1">
              <value>
                <![CDATA[cbm123]]>
              </value>
            </param>
          </params>
          <reporter-output>
          </reporter-output>
        </test-method> <!-- login -->
        <test-method status="PASS" signature="closeDriver()[pri:0, instance:frameworklearning.SignInTest@708f5957]" name="closeDriver" is-config="true" duration-ms="133" started-at="2019-04-17T03:20:02Z" finished-at="2019-04-17T03:20:02Z">
          <reporter-output>
          </reporter-output>
        </test-method> <!-- closeDriver -->
      </class> <!-- frameworklearning.SignInTest -->
      <class name="frameworklearning.AppTest">
        <test-method status="PASS" signature="shouldAnswerWithTrue()[pri:0, instance:frameworklearning.AppTest@68999068]" name="shouldAnswerWithTrue" duration-ms="0" started-at="2019-04-17T03:20:02Z" finished-at="2019-04-17T03:20:02Z">
          <reporter-output>
          </reporter-output>
        </test-method> <!-- shouldAnswerWithTrue -->
      </class> <!-- frameworklearning.AppTest -->
    </test> <!-- Test -->
  </suite> <!-- Suite -->
</testng-results>
